C:\VSWORKSPACE\BLOCKBREAK\DEBUG\GLOBAL.OBJ
C:\VSWORKSPACE\BLOCKBREAK\DEBUG\HIT.OBJ
C:\VSWORKSPACE\BLOCKBREAK\DEBUG\MAIN.OBJ
C:\VSWORKSPACE\BLOCKBREAK\DEBUG\TEX.OBJ
C:\VSWORKSPACE\BLOCKBREAK\DEBUG\CPUAI.OBJ
C:\VSWORKSPACE\BLOCKBREAK\DEBUG\VC110.PDB
C:\VSWORKSPACE\BLOCKBREAK\DEBUG\BLOCKBREAK.ILK
C:\VSWORKSPACE\BLOCKBREAK\DEBUG\BLOCKBREAK.EXE
C:\VSWORKSPACE\BLOCKBREAK\DEBUG\BLOCKBREAK.PDB
C:\VSWorkSpace\blockBreak\Debug\cpuAI.obj
C:\VSWorkSpace\blockBreak\Debug\Global.obj
C:\VSWorkSpace\blockBreak\Debug\Hit.obj
C:\VSWorkSpace\blockBreak\Debug\Main.obj
C:\VSWorkSpace\blockBreak\Debug\Tex.obj
C:\VSWorkSpace\blockBreak\Debug\blockBreak.ilk
C:\VSWorkSpace\blockBreak\Debug\cl.command.1.tlog
C:\VSWorkSpace\blockBreak\Debug\CL.read.1.tlog
C:\VSWorkSpace\blockBreak\Debug\CL.write.1.tlog
C:\VSWorkSpace\blockBreak\Debug\link-cvtres.read.1.tlog
C:\VSWorkSpace\blockBreak\Debug\link-cvtres.write.1.tlog
C:\VSWorkSpace\blockBreak\Debug\link-rc.read.1.tlog
C:\VSWorkSpace\blockBreak\Debug\link-rc.write.1.tlog
C:\VSWorkSpace\blockBreak\Debug\link.command.1.tlog
C:\VSWorkSpace\blockBreak\Debug\link.read.1.tlog
C:\VSWorkSpace\blockBreak\Debug\link.write.1.tlog
C:\VSWorkSpace\blockBreak\Debug\vc110.idb
C:\VSWorkSpace\blockBreak\Debug\blockBreak.pdb
C:\VSWorkSpace\blockBreak\Debug\vc110.pdb
C:\VSWorkSpace\blockBreak\Debug\blockBreak.exe
