Build started 2014/07/10 8:37:42.
     1>Project "C:\VSWorkSpace\blockBreak\blockBreak.vcxproj" on node 2 (Rebuild target(s)).
     1>ClCompile:
         C:\Program Files (x86)\Microsoft Visual Studio 11.0\VC\bin\CL.exe /c /Zi /nologo /W3 /WX- /Od /Oy- /D WIN32 /D _DEBUG /D _WINDOWS /Gm /EHsc /RTC1 /MDd /GS /fp:precise /Zc:wchar_t /Zc:forScope /Fo"Debug\\" /Fd"Debug\vc110.pdb" /Gd /TC /analyze- /errorReport:prompt SRC\cpuAI.c SRC\Global.c SRC\Hit.c SRC\Main.c SRC\Tex.c
         Tex.c
     1>SRC\Tex.c(32): warning C4996: 'fopen': This function or variable may be unsafe. Consider using fopen_s instead. To disable deprecation, use _CRT_SECURE_NO_WARNINGS. See online help for details.
                 C:\Program Files (x86)\Microsoft Visual Studio 11.0\VC\include\stdio.h(218) : see declaration of 'fopen'
         Main.c
         Hit.c
         Global.c
         cpuAI.c
         Generating Code...
       Link:
         C:\Program Files (x86)\Microsoft Visual Studio 11.0\VC\bin\link.exe /ERRORREPORT:PROMPT /OUT:"C:\VSWorkSpace\blockBreak\Debug\blockBreak.exe" /INCREMENTAL /NOLOGO kernel32.lib user32.lib gdi32.lib winspool.lib comdlg32.lib advapi32.lib shell32.lib ole32.lib oleaut32.lib uuid.lib odbc32.lib odbccp32.lib /MANIFEST /MANIFESTUAC:"level='asInvoker' uiAccess='false'" /manifest:embed /DEBUG /PDB:"C:\VSWorkSpace\blockBreak\Debug\blockBreak.pdb" /SUBSYSTEM:WINDOWS /TLBID:1 /DYNAMICBASE /NXCOMPAT /IMPLIB:"C:\VSWorkSpace\blockBreak\Debug\blockBreak.lib" /MACHINE:X86 Debug\cpuAI.obj
         Debug\Global.obj
         Debug\Hit.obj
         Debug\Main.obj
         Debug\Tex.obj
         blockBreak.vcxproj -> C:\VSWorkSpace\blockBreak\Debug\blockBreak.exe
     1>Done Building Project "C:\VSWorkSpace\blockBreak\blockBreak.vcxproj" (Rebuild target(s)).

Build succeeded.

Time Elapsed 00:00:02.79
