Build started 2014/07/10 18:44:02.
     1>Project "C:\VSWorkSpace\blockBreak\BreakTheSphere\blockBreak.vcxproj" on node 2 (Build target(s)).
     1>ClCompile:
         C:\Program Files (x86)\Microsoft Visual Studio 11.0\VC\bin\CL.exe /c /Zi /nologo /W3 /WX- /O2 /Oy- /D WIN32 /D NDEBUG /D _WINDOWS /Gm- /EHsc /MD /GS /fp:precise /Zc:wchar_t /Zc:forScope /Fo"Release\\" /Fd"Release\vc110.pdb" /Gd /TC /analyze- /errorReport:prompt SRC\cpuAI.c SRC\Global.c SRC\Hit.c SRC\Main.c SRC\Tex.c
         cpuAI.c
         Global.c
         Hit.c
         Main.c
         Tex.c
     1>SRC\Tex.c(32): warning C4996: 'fopen': This function or variable may be unsafe. Consider using fopen_s instead. To disable deprecation, use _CRT_SECURE_NO_WARNINGS. See online help for details.
                 C:\Program Files (x86)\Microsoft Visual Studio 11.0\VC\include\stdio.h(218) : see declaration of 'fopen'
         Generating Code...
       Link:
         C:\Program Files (x86)\Microsoft Visual Studio 11.0\VC\bin\link.exe /ERRORREPORT:PROMPT /OUT:"C:\VSWorkSpace\blockBreak\BreakTheSphere\Release\blockBreak.exe" /INCREMENTAL /NOLOGO kernel32.lib user32.lib gdi32.lib winspool.lib comdlg32.lib advapi32.lib shell32.lib ole32.lib oleaut32.lib uuid.lib odbc32.lib odbccp32.lib /MANIFEST /MANIFESTUAC:"level='asInvoker' uiAccess='false'" /manifest:embed /DEBUG /PDB:"C:\VSWorkSpace\blockBreak\BreakTheSphere\Release\blockBreak.pdb" /SUBSYSTEM:WINDOWS /OPT:REF /OPT:ICF /TLBID:1 /DYNAMICBASE /NXCOMPAT /IMPLIB:"C:\VSWorkSpace\blockBreak\BreakTheSphere\Release\blockBreak.lib" /MACHINE:X86 /SAFESEH Release\cpuAI.obj
         Release\Global.obj
         Release\Hit.obj
         Release\Main.obj
         Release\Tex.obj
     1>LINK : warning LNK4075: ignoring '/INCREMENTAL' due to '/OPT:ICF' specification
         blockBreak.vcxproj -> C:\VSWorkSpace\blockBreak\BreakTheSphere\Release\blockBreak.exe
     1>Done Building Project "C:\VSWorkSpace\blockBreak\BreakTheSphere\blockBreak.vcxproj" (Build target(s)).

Build succeeded.

Time Elapsed 00:00:03.75
